#
# A fatal error has been detected by the Java Runtime Environment:
#
#  SIGSEGV (0xb) at pc=0x00007f0afa44e009, pid=23041, tid=23066
#
# JRE version: OpenJDK Runtime Environment (9.0) (build 9-internal+0-2016-04-14-195246.buildd.src)
# Java VM: OpenJDK 64-Bit Server VM (9-internal+0-2016-04-14-195246.buildd.src, mixed mode, tiered, compressed oops, g1 gc, linux-amd64)
# Problematic frame:
# C  [libjava.so+0x1d009]  JNU_GetEnv+0x19
#
# Core dump will be written. Default location: Core dumps may be processed with "/usr/share/apport/apport %p %s %c %P" (or dumping to /home/dzs/Projects/university/java/previous/task3/sapper/core.23041)
#
# If you would like to submit a bug report, please visit:
#   http://bugreport.java.com/bugreport/crash.jsp
# The crash happened outside the Java Virtual Machine in native code.
# See problematic frame for where to report the bug.
#

---------------  S U M M A R Y ------------

Command Line: sapper.jar

Host: Intel(R) Celeron(R) CPU  N3050  @ 1.60GHz, 2 cores, 3G, Ubuntu 16.04.1 LTS
Time: Wed Feb  8 22:17:17 2017 +07 elapsed time: 12 seconds (0d 0h 0m 12s)

---------------  T H R E A D  ---------------

Current thread (0x00007f0af42a1000):  JavaThread "AWT-EventQueue-0" [_thread_in_native, id=23066, stack(0x00007f0a9da90000,0x00007f0a9db91000)]

Stack: [0x00007f0a9da90000,0x00007f0a9db91000],  sp=0x00007f0a9db8c420,  free space=1009k
Native frames: (J=compiled Java code, j=interpreted, Vv=VM code, C=native code)
C  [libjava.so+0x1d009]  JNU_GetEnv+0x19
C  [libfontmanager.so+0x33f8e]
C  [libfreetype.so.6+0x14d1b]  FT_Stream_Seek+0x1b

Java frames: (J=compiled Java code, j=interpreted, Vv=VM code)
j  sun.font.FreetypeFontScaler.initNativeScaler(Lsun/font/Font2D;IIZI)J+0 java.desktop@9-internal
j  sun.font.FreetypeFontScaler.<init>(Lsun/font/Font2D;IZI)V+26 java.desktop@9-internal
v  ~StubRoutines::call_stub
j  sun.reflect.NativeConstructorAccessorImpl.newInstance0(Ljava/lang/reflect/Constructor;[Ljava/lang/Object;)Ljava/lang/Object;+0 java.base@9-internal
j  sun.reflect.NativeConstructorAccessorImpl.newInstance([Ljava/lang/Object;)Ljava/lang/Object;+85 java.base@9-internal
j  sun.reflect.DelegatingConstructorAccessorImpl.newInstance([Ljava/lang/Object;)Ljava/lang/Object;+5 java.base@9-internal
j  java.lang.reflect.Constructor.newInstance([Ljava/lang/Object;)Ljava/lang/Object;+65 java.base@9-internal
j  sun.font.FontScaler.getScaler(Lsun/font/Font2D;IZI)Lsun/font/FontScaler;+39 java.desktop@9-internal
j  sun.font.TrueTypeFont.getScaler()Lsun/font/FontScaler;+21 java.desktop@9-internal
j  sun.font.FileFontStrike.<init>(Lsun/font/FileFont;Lsun/font/FontStrikeDesc;)V+204 java.desktop@9-internal
j  sun.font.FileFont.createStrike(Lsun/font/FontStrikeDesc;)Lsun/font/FontStrike;+18 java.desktop@9-internal
j  sun.font.Font2D.getStrike(Lsun/font/FontStrikeDesc;Z)Lsun/font/FontStrike;+92 java.desktop@9-internal
j  sun.font.Font2D.getStrike(Lsun/font/FontStrikeDesc;)Lsun/font/FontStrike;+3 java.desktop@9-internal
j  sun.font.CompositeStrike.getStrikeForSlot(I)Lsun/font/PhysicalStrike;+23 java.desktop@9-internal
j  sun.font.CompositeStrike.getFontMetrics()Lsun/font/StrikeMetrics;+31 java.desktop@9-internal
j  sun.font.FontDesignMetrics.initMatrixAndMetrics()V+28 java.desktop@9-internal
j  sun.font.FontDesignMetrics.<init>(Ljava/awt/Font;Ljava/awt/font/FontRenderContext;)V+62 java.desktop@9-internal
j  sun.font.FontDesignMetrics.getMetrics(Ljava/awt/Font;Ljava/awt/font/FontRenderContext;)Lsun/font/FontDesignMetrics;+128 java.desktop@9-internal
j  sun.swing.SwingUtilities2.getFontMetrics(Ljavax/swing/JComponent;Ljava/awt/Font;)Ljava/awt/FontMetrics;+15 java.desktop@9-internal
j  javax.swing.JComponent.getFontMetrics(Ljava/awt/Font;)Ljava/awt/FontMetrics;+2 java.desktop@9-internal
j  sun.swing.MenuItemLayoutHelper.reset(Ljavax/swing/JMenuItem;Ljavax/swing/Icon;Ljavax/swing/Icon;Ljava/awt/Rectangle;ILjava/lang/String;ZLjava/awt/Font;Ljava/awt/Font;ZLjava/lang/String;)V+77 java.desktop@9-internal
j  sun.swing.MenuItemLayoutHelper.<init>(Ljavax/swing/JMenuItem;Ljavax/swing/Icon;Ljavax/swing/Icon;Ljava/awt/Rectangle;ILjava/lang/String;ZLjava/awt/Font;Ljava/awt/Font;ZLjava/lang/String;)V+24 java.desktop@9-internal
j  javax.swing.plaf.basic.BasicMenuItemUI.getPreferredMenuItemSize(Ljavax/swing/JComponent;Ljavax/swing/Icon;Ljavax/swing/Icon;I)Ljava/awt/Dimension;+48 java.desktop@9-internal
j  javax.swing.plaf.basic.BasicMenuItemUI.getPreferredSize(Ljavax/swing/JComponent;)Ljava/awt/Dimension;+14 java.desktop@9-internal
j  javax.swing.JComponent.getPreferredSize()Ljava/awt/Dimension;+26 java.desktop@9-internal
j  javax.swing.BoxLayout.checkRequests()V+111 java.desktop@9-internal
j  javax.swing.BoxLayout.layoutContainer(Ljava/awt/Container;)V+127 java.desktop@9-internal
j  java.awt.Container.layout()V+11 java.desktop@9-internal
j  java.awt.Container.doLayout()V+1 java.desktop@9-internal
j  java.awt.Container.validateTree()V+47 java.desktop@9-internal
j  java.awt.Container.validateTree()V+110 java.desktop@9-internal
j  java.awt.Container.validateTree()V+110 java.desktop@9-internal
j  java.awt.Container.validateTree()V+110 java.desktop@9-internal
j  java.awt.Container.validate()V+60 java.desktop@9-internal
j  java.awt.Container.validateUnconditionally()V+14 java.desktop@9-internal
j  java.awt.Window.pack()V+68 java.desktop@9-internal
j  sapper.GUI.show()V+227
j  sapper.GUI.run()V+1
j  java.awt.event.InvocationEvent.dispatch()V+47 java.desktop@9-internal
j  java.awt.EventQueue.dispatchEventImpl(Ljava/awt/AWTEvent;Ljava/lang/Object;)V+21 java.desktop@9-internal
j  java.awt.EventQueue.access$500(Ljava/awt/EventQueue;Ljava/awt/AWTEvent;Ljava/lang/Object;)V+3 java.desktop@9-internal
j  java.awt.EventQueue$3.run()Ljava/lang/Void;+32 java.desktop@9-internal
j  java.awt.EventQueue$3.run()Ljava/lang/Object;+1 java.desktop@9-internal
v  ~StubRoutines::call_stub
j  java.security.AccessController.doPrivileged(Ljava/security/PrivilegedAction;Ljava/security/AccessControlContext;)Ljava/lang/Object;+0 java.base@9-internal
j  java.security.ProtectionDomain$JavaSecurityAccessImpl.doIntersectionPrivilege(Ljava/security/PrivilegedAction;Ljava/security/AccessControlContext;Ljava/security/AccessControlContext;)Ljava/lang/Object;+18 java.base@9-internal
j  java.awt.EventQueue.dispatchEvent(Ljava/awt/AWTEvent;)V+46 java.desktop@9-internal
j  java.awt.EventDispatchThread.pumpOneEventForFilters(I)V+183 java.desktop@9-internal
j  java.awt.EventDispatchThread.pumpEventsForFilter(ILjava/awt/Conditional;Ljava/awt/EventFilter;)V+35 java.desktop@9-internal
j  java.awt.EventDispatchThread.pumpEventsForHierarchy(ILjava/awt/Conditional;Ljava/awt/Component;)V+11 java.desktop@9-internal
j  java.awt.EventDispatchThread.pumpEvents(ILjava/awt/Conditional;)V+4 java.desktop@9-internal
j  java.awt.EventDispatchThread.pumpEvents(Ljava/awt/Conditional;)V+3 java.desktop@9-internal
j  java.awt.EventDispatchThread.run()V+9 java.desktop@9-internal
v  ~StubRoutines::call_stub

siginfo: si_signo: 11 (SIGSEGV), si_code: 1 (SEGV_MAPERR), si_addr: 0x0000000000000000

Register to memory mapping:

RAX=0x0000000000000000 is an unknown value
RBX=0x0000000000000000 is an unknown value
RCX=0x0000000000000000 is an unknown value
RDX=0x0000000000010002 is an unknown value
RSP=0x00007f0a9db8c420 is pointing into the stack for thread: 0x00007f0af42a1000
RBP=0x00007f0a9db8c430 is pointing into the stack for thread: 0x00007f0af42a1000
RSI=0x0000000000010002 is an unknown value
RDI=0x0000000000000000 is an unknown value
R8 =0x0000000000000000 is an unknown value
R9 =0x0000000000000004 is an unknown value
R10=0x00000000000001db is an unknown value
R11=0x00007f0afa44dff0: JNU_GetEnv+0x0000000000000000 in /usr/lib/jvm/java-9-openjdk-amd64/lib/amd64/libjava.so at 0x00007f0afa431000
R12=0x00007f0abc5515c0 is an unknown value
R13=0x0000000000000000 is an unknown value
R14=0x0000000000000000 is an unknown value
R15=0x00007f0abc55b7d0 is an unknown value


Registers:
RAX=0x0000000000000000, RBX=0x0000000000000000, RCX=0x0000000000000000, RDX=0x0000000000010002
RSP=0x00007f0a9db8c420, RBP=0x00007f0a9db8c430, RSI=0x0000000000010002, RDI=0x0000000000000000
R8 =0x0000000000000000, R9 =0x0000000000000004, R10=0x00000000000001db, R11=0x00007f0afa44dff0
R12=0x00007f0abc5515c0, R13=0x0000000000000000, R14=0x0000000000000000, R15=0x00007f0abc55b7d0
RIP=0x00007f0afa44e009, EFLAGS=0x0000000000010246, CSGSFS=0x0000000000000033, ERR=0x0000000000000004
  TRAPNO=0x000000000000000e

Top of Stack: (sp=0x00007f0a9db8c420)
0x00007f0a9db8c420:   0000000000000000 72c7205011ba2000
0x00007f0a9db8c430:   00007f0a9db8c470 00007f0a9e6a5f8e
0x00007f0a9db8c440:   00007f0abc54ef70 00007f0abc5515c0
0x00007f0a9db8c450:   0000000000000000 0000000000000000
0x00007f0a9db8c460:   00007f0abc5515c0 00007f0abc55b7d0
0x00007f0a9db8c470:   0000000000000000 00007f0a9e3dcd1b
0x00007f0a9db8c480:   0000000000000000 00007f0a9e66ed80
0x00007f0a9db8c490:   0000000000000000 00007f0a9e3f08d0
0x00007f0a9db8c4a0:   0000000000000002 0000003200000008
0x00007f0a9db8c4b0:   0000000000000000 0000000000000000
0x00007f0a9db8c4c0:   0000006e0000005b 0000000000000000
0x00007f0a9db8c4d0:   0000000000000000 0000007c00000077
0x00007f0a9db8c4e0:   0073656d616e7370 0000000000000000
0x00007f0a9db8c4f0:   0000000000766463 730064636c2d6874
0x00007f0a9db8c500:   00000068746f6f6d 00007f0abc000020
0x00007f0a9db8c510:   0000000000000070 00007f0a9db8c5c4
0x00007f0a9db8c520:   00007f0abc54ef70 00007f0abc55b7d0
0x00007f0a9db8c530:   00007f0a9db8c5c4 00007f0afcb5b5d4
0x00007f0a9db8c540:   00007f0a9e673120 00007f0a9db8c574
0x00007f0a9db8c550:   00007f0a9e66b9e0 72c7205011ba2000
0x00007f0a9db8c560:   0000000000000070 00007f0abc551590
0x00007f0a9db8c570:   00007f0a9e66b9e0 00007f0a9db8c688
0x00007f0a9db8c580:   00007f0abc54ef70 00007f0abc55b7d0
0x00007f0a9db8c590:   00007f0abc55bd00 00007f0a9e3df4b2
0x00007f0a9db8c5a0:   0000000100000000 00007f0a9db8c690
0x00007f0a9db8c5b0:   0000000000000000 0000000000000000
0x00007f0a9db8c5c0:   000000009db8c688 72c7205011ba2000
0x00007f0a9db8c5d0:   00007f0abc551590 00007f0a9db8c690
0x00007f0a9db8c5e0:   0000000000000000 00007f0abc54ee98
0x00007f0a9db8c5f0:   00007f0a9db8c890 00007f0abc54edf8
0x00007f0a9db8c600:   00007f0abc54ef70 00007f0a9e3e1571
0x00007f0a9db8c610:   00007f0a9db8c690 00007f0a9e3e1366 

Instructions: (pc=0x00007f0afa44e009)
0x00007f0afa44dfe9:   ff eb ea 0f 1f 40 00 55 89 f2 48 89 e5 48 83 ec
0x00007f0afa44dff9:   10 64 48 8b 04 25 28 00 00 00 48 89 45 f8 31 c0
0x00007f0afa44e009:   48 8b 07 48 8d 75 f0 ff 50 30 48 8b 4d f8 64 48
0x00007f0afa44e019:   33 0c 25 28 00 00 00 48 8b 45 f0 75 02 c9 c3 e8 


---------------  P R O C E S S  ---------------

Java Threads: ( => current thread )
  0x00007f0ab8002800 JavaThread "SeedGenerator Thread" daemon [_thread_blocked, id=23098, stack(0x00007f0a9d48e000,0x00007f0a9d58f000)]
  0x00007f0abc4c2000 JavaThread "SeedGenerator Thread" daemon [_thread_in_Java, id=23069, stack(0x00007f0a9d58f000,0x00007f0a9d690000)]
  0x00007f0af4011000 JavaThread "DestroyJavaVM" [_thread_blocked, id=23042, stack(0x00007f0afd1a9000,0x00007f0afd2aa000)]
=>0x00007f0af42a1000 JavaThread "AWT-EventQueue-0" [_thread_in_native, id=23066, stack(0x00007f0a9da90000,0x00007f0a9db91000)]
  0x00007f0af429f800 JavaThread "AWT-Shutdown" [_thread_blocked, id=23065, stack(0x00007f0a9db91000,0x00007f0a9dc92000)]
  0x00007f0af429d000 JavaThread "AWT-XAWT" daemon [_thread_in_native, id=23064, stack(0x00007f0a9dc92000,0x00007f0a9dd93000)]
  0x00007f0af4281000 JavaThread "Java2D Disposer" daemon [_thread_blocked, id=23063, stack(0x00007f0ac40dc000,0x00007f0ac41dd000)]
  0x00007f0af415d800 JavaThread "Service Thread" daemon [_thread_blocked, id=23059, stack(0x00007f0ac42de000,0x00007f0ac43df000)]
  0x00007f0af4134800 JavaThread "Common-Cleaner" daemon [_thread_blocked, id=23058, stack(0x00007f0ac43df000,0x00007f0ac44e0000)]
  0x00007f0af4125800 JavaThread "Sweeper thread" daemon [_thread_blocked, id=23057, stack(0x00007f0ac4c0b000,0x00007f0ac4d0c000)]
  0x00007f0af4123800 JavaThread "C1 CompilerThread1" daemon [_thread_blocked, id=23056, stack(0x00007f0ac4d0c000,0x00007f0ac4e0d000)]
  0x00007f0af4121800 JavaThread "C2 CompilerThread0" daemon [_thread_in_native, id=23055, stack(0x00007f0ac4e0d000,0x00007f0ac4f0e000)]
  0x00007f0af411d800 JavaThread "Signal Dispatcher" daemon [_thread_blocked, id=23054, stack(0x00007f0ac4f0e000,0x00007f0ac500f000)]
  0x00007f0af411b000 JavaThread "Surrogate Locker Thread (Concurrent GC)" daemon [_thread_blocked, id=23053, stack(0x00007f0ac500f000,0x00007f0ac5110000)]
  0x00007f0af4109800 JavaThread "Finalizer" daemon [_thread_blocked, id=23052, stack(0x00007f0adc460000,0x00007f0adc561000)]
  0x00007f0af4105800 JavaThread "Reference Handler" daemon [_thread_blocked, id=23051, stack(0x00007f0af80b7000,0x00007f0af81b8000)]

Other Threads:
  0x00007f0af40fb800 VMThread [stack: 0x00007f0af81b8000,0x00007f0af82b9000] [id=23050]
  0x00007f0af4160000 WatcherThread [stack: 0x00007f0ac41dd000,0x00007f0ac42de000] [id=23060]

Threads with active compile tasks:
C2 CompilerThread0 776       4       java.util.Properties::saveConvert (434 bytes)

VM state:not at safepoint (normal execution)

VM Mutex/Monitor currently owned by a thread: None

heap address: 0x00000000c4400000, size: 956 MB, Compressed Oops mode: 32-bit
Narrow klass base: 0x0000000000000000, Narrow klass shift: 3
Compressed class space size: 1073741824 Address: 0x0000000100000000

Heap:
 garbage-first heap   total 61440K, used 6341K [0x00000000c4400000, 0x00000000c45001e0, 0x0000000100000000)
  region size 1024K, 7 young (7168K), 1 survivors (1024K)
 Metaspace       used 12254K, capacity 12626K, committed 12800K, reserved 1060864K
  class space    used 1364K, capacity 1498K, committed 1536K, reserved 1048576K

Heap Regions: E=young(eden), S=young(survivor), O=old, HS=humongous(starts), HC=humongous(continues), CS=collection set, F=free, A=archive, TS=gc time stamp, AC=allocation context, TAMS=top-at-mark-start (previous, next)
|   0|0x00000000c4400000, 0x00000000c4431400, 0x00000000c4500000| 19%| O|  |TS  1|AC  0|TAMS 0x00000000c4400000, 0x00000000c4400000|
|   1|0x00000000c4500000, 0x00000000c4500000, 0x00000000c4600000|  0%| F|  |TS  0|AC  0|TAMS 0x00000000c4500000, 0x00000000c4500000|
|   2|0x00000000c4600000, 0x00000000c4600000, 0x00000000c4700000|  0%| F|  |TS  0|AC  0|TAMS 0x00000000c4600000, 0x00000000c4600000|
|   3|0x00000000c4700000, 0x00000000c4700000, 0x00000000c4800000|  0%| F|  |TS  0|AC  0|TAMS 0x00000000c4700000, 0x00000000c4700000|
|   4|0x00000000c4800000, 0x00000000c4800000, 0x00000000c4900000|  0%| F|  |TS  0|AC  0|TAMS 0x00000000c4800000, 0x00000000c4800000|
|   5|0x00000000c4900000, 0x00000000c4900000, 0x00000000c4a00000|  0%| F|  |TS  0|AC  0|TAMS 0x00000000c4900000, 0x00000000c4900000|
|   6|0x00000000c4a00000, 0x00000000c4a00000, 0x00000000c4b00000|  0%| F|  |TS  0|AC  0|TAMS 0x00000000c4a00000, 0x00000000c4a00000|
|   7|0x00000000c4b00000, 0x00000000c4b00000, 0x00000000c4c00000|  0%| F|  |TS  0|AC  0|TAMS 0x00000000c4b00000, 0x00000000c4b00000|
|   8|0x00000000c4c00000, 0x00000000c4c00000, 0x00000000c4d00000|  0%| F|  |TS  0|AC  0|TAMS 0x00000000c4c00000, 0x00000000c4c00000|
|   9|0x00000000c4d00000, 0x00000000c4d00000, 0x00000000c4e00000|  0%| F|  |TS  0|AC  0|TAMS 0x00000000c4d00000, 0x00000000c4d00000|
|  10|0x00000000c4e00000, 0x00000000c4e00000, 0x00000000c4f00000|  0%| F|  |TS  0|AC  0|TAMS 0x00000000c4e00000, 0x00000000c4e00000|
|  11|0x00000000c4f00000, 0x00000000c4f00000, 0x00000000c5000000|  0%| F|  |TS  0|AC  0|TAMS 0x00000000c4f00000, 0x00000000c4f00000|
|  12|0x00000000c5000000, 0x00000000c5000000, 0x00000000c5100000|  0%| F|  |TS  0|AC  0|TAMS 0x00000000c5000000, 0x00000000c5000000|
|  13|0x00000000c5100000, 0x00000000c5100000, 0x00000000c5200000|  0%| F|  |TS  0|AC  0|TAMS 0x00000000c5100000, 0x00000000c5100000|
|  14|0x00000000c5200000, 0x00000000c5200000, 0x00000000c5300000|  0%| F|  |TS  0|AC  0|TAMS 0x00000000c5200000, 0x00000000c5200000|
|  15|0x00000000c5300000, 0x00000000c5300000, 0x00000000c5400000|  0%| F|  |TS  0|AC  0|TAMS 0x00000000c5300000, 0x00000000c5300000|
|  16|0x00000000c5400000, 0x00000000c5400000, 0x00000000c5500000|  0%| F|  |TS  0|AC  0|TAMS 0x00000000c5400000, 0x00000000c5400000|
|  17|0x00000000c5500000, 0x00000000c5500000, 0x00000000c5600000|  0%| F|  |TS  0|AC  0|TAMS 0x00000000c5500000, 0x00000000c5500000|
|  18|0x00000000c5600000, 0x00000000c5600000, 0x00000000c5700000|  0%| F|  |TS  0|AC  0|TAMS 0x00000000c5600000, 0x00000000c5600000|
|  19|0x00000000c5700000, 0x00000000c5700000, 0x00000000c5800000|  0%| F|  |TS  0|AC  0|TAMS 0x00000000c5700000, 0x00000000c5700000|
|  20|0x00000000c5800000, 0x00000000c5800000, 0x00000000c5900000|  0%| F|  |TS  0|AC  0|TAMS 0x00000000c5800000, 0x00000000c5800000|
|  21|0x00000000c5900000, 0x00000000c5900000, 0x00000000c5a00000|  0%| F|  |TS  0|AC  0|TAMS 0x00000000c5900000, 0x00000000c5900000|
|  22|0x00000000c5a00000, 0x00000000c5a00000, 0x00000000c5b00000|  0%| F|  |TS  0|AC  0|TAMS 0x00000000c5a00000, 0x00000000c5a00000|
|  23|0x00000000c5b00000, 0x00000000c5b00000, 0x00000000c5c00000|  0%| F|  |TS  0|AC  0|TAMS 0x00000000c5b00000, 0x00000000c5b00000|
|  24|0x00000000c5c00000, 0x00000000c5c00000, 0x00000000c5d00000|  0%| F|  |TS  0|AC  0|TAMS 0x00000000c5c00000, 0x00000000c5c00000|
|  25|0x00000000c5d00000, 0x00000000c5d00000, 0x00000000c5e00000|  0%| F|  |TS  0|AC  0|TAMS 0x00000000c5d00000, 0x00000000c5d00000|
|  26|0x00000000c5e00000, 0x00000000c5e00000, 0x00000000c5f00000|  0%| F|  |TS  0|AC  0|TAMS 0x00000000c5e00000, 0x00000000c5e00000|
|  27|0x00000000c5f00000, 0x00000000c5f00000, 0x00000000c6000000|  0%| F|  |TS  0|AC  0|TAMS 0x00000000c5f00000, 0x00000000c5f00000|
|  28|0x00000000c6000000, 0x00000000c6000000, 0x00000000c6100000|  0%| F|  |TS  0|AC  0|TAMS 0x00000000c6000000, 0x00000000c6000000|
|  29|0x00000000c6100000, 0x00000000c6100000, 0x00000000c6200000|  0%| F|  |TS  0|AC  0|TAMS 0x00000000c6100000, 0x00000000c6100000|
|  30|0x00000000c6200000, 0x00000000c6200000, 0x00000000c6300000|  0%| F|  |TS  0|AC  0|TAMS 0x00000000c6200000, 0x00000000c6200000|
|  31|0x00000000c6300000, 0x00000000c6300000, 0x00000000c6400000|  0%| F|  |TS  0|AC  0|TAMS 0x00000000c6300000, 0x00000000c6300000|
|  32|0x00000000c6400000, 0x00000000c6400000, 0x00000000c6500000|  0%| F|  |TS  0|AC  0|TAMS 0x00000000c6400000, 0x00000000c6400000|
|  33|0x00000000c6500000, 0x00000000c6500000, 0x00000000c6600000|  0%| F|  |TS  0|AC  0|TAMS 0x00000000c6500000, 0x00000000c6500000|
|  34|0x00000000c6600000, 0x00000000c6600000, 0x00000000c6700000|  0%| F|  |TS  0|AC  0|TAMS 0x00000000c6600000, 0x00000000c6600000|
|  35|0x00000000c6700000, 0x00000000c6700000, 0x00000000c6800000|  0%| F|  |TS  0|AC  0|TAMS 0x00000000c6700000, 0x00000000c6700000|
|  36|0x00000000c6800000, 0x00000000c6800000, 0x00000000c6900000|  0%| F|  |TS  0|AC  0|TAMS 0x00000000c6800000, 0x00000000c6800000|
|  37|0x00000000c6900000, 0x00000000c6900000, 0x00000000c6a00000|  0%| F|  |TS  0|AC  0|TAMS 0x00000000c6900000, 0x00000000c6900000|
|  38|0x00000000c6a00000, 0x00000000c6a00000, 0x00000000c6b00000|  0%| F|  |TS  0|AC  0|TAMS 0x00000000c6a00000, 0x00000000c6a00000|
|  39|0x00000000c6b00000, 0x00000000c6b00000, 0x00000000c6c00000|  0%| F|  |TS  0|AC  0|TAMS 0x00000000c6b00000, 0x00000000c6b00000|
|  40|0x00000000c6c00000, 0x00000000c6c00000, 0x00000000c6d00000|  0%| F|  |TS  0|AC  0|TAMS 0x00000000c6c00000, 0x00000000c6c00000|
|  41|0x00000000c6d00000, 0x00000000c6d00000, 0x00000000c6e00000|  0%| F|  |TS  0|AC  0|TAMS 0x00000000c6d00000, 0x00000000c6d00000|
|  42|0x00000000c6e00000, 0x00000000c6e00000, 0x00000000c6f00000|  0%| F|  |TS  0|AC  0|TAMS 0x00000000c6e00000, 0x00000000c6e00000|
|  43|0x00000000c6f00000, 0x00000000c6f00000, 0x00000000c7000000|  0%| F|  |TS  0|AC  0|TAMS 0x00000000c6f00000, 0x00000000c6f00000|
|  44|0x00000000c7000000, 0x00000000c7000000, 0x00000000c7100000|  0%| F|  |TS  0|AC  0|TAMS 0x00000000c7000000, 0x00000000c7000000|
|  45|0x00000000c7100000, 0x00000000c7100000, 0x00000000c7200000|  0%| F|  |TS  0|AC  0|TAMS 0x00000000c7100000, 0x00000000c7100000|
|  46|0x00000000c7200000, 0x00000000c7200000, 0x00000000c7300000|  0%| F|  |TS  0|AC  0|TAMS 0x00000000c7200000, 0x00000000c7200000|
|  47|0x00000000c7300000, 0x00000000c7300000, 0x00000000c7400000|  0%| F|  |TS  0|AC  0|TAMS 0x00000000c7300000, 0x00000000c7300000|
|  48|0x00000000c7400000, 0x00000000c7400000, 0x00000000c7500000|  0%| F|  |TS  0|AC  0|TAMS 0x00000000c7400000, 0x00000000c7400000|
|  49|0x00000000c7500000, 0x00000000c7500000, 0x00000000c7600000|  0%| F|  |TS  0|AC  0|TAMS 0x00000000c7500000, 0x00000000c7500000|
|  50|0x00000000c7600000, 0x00000000c7600000, 0x00000000c7700000|  0%| F|  |TS  0|AC  0|TAMS 0x00000000c7600000, 0x00000000c7600000|
|  51|0x00000000c7700000, 0x00000000c7700000, 0x00000000c7800000|  0%| F|  |TS  0|AC  0|TAMS 0x00000000c7700000, 0x00000000c7700000|
|  52|0x00000000c7800000, 0x00000000c7800000, 0x00000000c7900000|  0%| F|  |TS  0|AC  0|TAMS 0x00000000c7800000, 0x00000000c7800000|
|  53|0x00000000c7900000, 0x00000000c7a00000, 0x00000000c7a00000|100%| E|  |TS  0|AC  0|TAMS 0x00000000c7900000, 0x00000000c7900000|
|  54|0x00000000c7a00000, 0x00000000c7b00000, 0x00000000c7b00000|100%| E|CS|TS  0|AC  0|TAMS 0x00000000c7a00000, 0x00000000c7a00000|
|  55|0x00000000c7b00000, 0x00000000c7c00000, 0x00000000c7c00000|100%| E|CS|TS  0|AC  0|TAMS 0x00000000c7b00000, 0x00000000c7b00000|
|  56|0x00000000c7c00000, 0x00000000c7d00000, 0x00000000c7d00000|100%| S|CS|TS  1|AC  0|TAMS 0x00000000c7c00000, 0x00000000c7c00000|
|  57|0x00000000c7d00000, 0x00000000c7e00000, 0x00000000c7e00000|100%| E|CS|TS  0|AC  0|TAMS 0x00000000c7d00000, 0x00000000c7d00000|
|  58|0x00000000c7e00000, 0x00000000c7f00000, 0x00000000c7f00000|100%| E|CS|TS  0|AC  0|TAMS 0x00000000c7e00000, 0x00000000c7e00000|
|  59|0x00000000c7f00000, 0x00000000c8000000, 0x00000000c8000000|100%| E|CS|TS  0|AC  0|TAMS 0x00000000c7f00000, 0x00000000c7f00000|

Card table byte_map: [0x00007f0af896c000,0x00007f0af8b4a000] byte_map_base: 0x00007f0af834a000

Marking Bits (Prev, Next): (CMBitMap*) 0x00007f0af4040860, (CMBitMap*) 0x00007f0af40408b8
 Prev Bits: [0x00007f0adcd61000, 0x00007f0addc51000)
 Next Bits: [0x00007f0ac7110000, 0x00007f0ac8000000)

Polling page: 0x00007f0afd2d2000

CodeHeap 'non-nmethods': size=5692Kb used=1261Kb max_used=1267Kb free=4430Kb
 bounds [0x00007f0addc51000, 0x00007f0addec1000, 0x00007f0ade1e0000]
CodeHeap 'profiled nmethods': size=120032Kb used=1339Kb max_used=1339Kb free=118692Kb
 bounds [0x00007f0ade1e0000, 0x00007f0ade450000, 0x00007f0ae5718000]
CodeHeap 'non-profiled nmethods': size=120036Kb used=243Kb max_used=243Kb free=119792Kb
 bounds [0x00007f0ae5718000, 0x00007f0ae5988000, 0x00007f0aecc51000]
 total_blobs=1467 nmethods=786 adapters=438
 compilation: enabled

Compilation events (10 events):
Event: 12,494 Thread 0x00007f0af4123800  785       3       sun.invoke.util.VerifyAccess::isMemberAccessible (261 bytes)
Event: 12,497 Thread 0x00007f0af4123800 nmethod 785 0x00007f0ade32c210 code [0x00007f0ade32c540, 0x00007f0ade32dd58]
Event: 12,498 Thread 0x00007f0af4123800  786       3       java.awt.geom.AffineTransform::<init> (15 bytes)
Event: 12,498 Thread 0x00007f0af4123800 nmethod 786 0x00007f0ade32e310 code [0x00007f0ade32e480, 0x00007f0ade32e650]
Event: 12,522 Thread 0x00007f0af4123800  787       3       java.nio.Buffer::nextGetIndex (31 bytes)
Event: 12,523 Thread 0x00007f0af4123800 nmethod 787 0x00007f0ade32e710 code [0x00007f0ade32e8a0, 0x00007f0ade32eaa8]
Event: 12,523 Thread 0x00007f0af4123800  788       3       java.nio.HeapByteBuffer::_get (7 bytes)
Event: 12,523 Thread 0x00007f0af4123800 nmethod 788 0x00007f0ade32eb90 code [0x00007f0ade32ed00, 0x00007f0ade32ee70]
Event: 12,523 Thread 0x00007f0af4123800  789       1       java.nio.Buffer::position (5 bytes)
Event: 12,523 Thread 0x00007f0af4123800 nmethod 789 0x00007f0ae5754a10 code [0x00007f0ae5754b80, 0x00007f0ae5754c90]

GC Heap History (2 events):
Event: 3,945 GC heap before
{Heap before GC invocations=0 (full 0):
 garbage-first heap   total 61440K, used 3072K [0x00000000c4400000, 0x00000000c45001e0, 0x0000000100000000)
  region size 1024K, 3 young (3072K), 0 survivors (0K)
 Metaspace       used 7158K, capacity 7330K, committed 7552K, reserved 1056768K
  class space    used 718K, capacity 779K, committed 896K, reserved 1048576K
}
Event: 3,958 GC heap after
{Heap after GC invocations=1 (full 0):
 garbage-first heap   total 61440K, used 1221K [0x00000000c4400000, 0x00000000c45001e0, 0x0000000100000000)
  region size 1024K, 1 young (1024K), 1 survivors (1024K)
 Metaspace       used 7158K, capacity 7330K, committed 7552K, reserved 1056768K
  class space    used 718K, capacity 779K, committed 896K, reserved 1048576K
}

Deoptimization events (10 events):
Event: 5,437 Thread 0x00007f0af42a1000 Uncommon trap: reason=class_check action=maybe_recompile pc=0x00007f0ae57209e8 method=java.util.HashMap.putVal(ILjava/lang/Object;Ljava/lang/Object;ZZ)Ljava/lang/Object; @ 91
Event: 5,438 Thread 0x00007f0af42a1000 Uncommon trap: reason=class_check action=maybe_recompile pc=0x00007f0ae57204ac method=java.util.HashMap.putVal(ILjava/lang/Object;Ljava/lang/Object;ZZ)Ljava/lang/Object; @ 253
Event: 5,460 Thread 0x00007f0af42a1000 Uncommon trap: reason=unstable_fused_if action=reinterpret pc=0x00007f0ae572d2dc method=jdk.internal.org.objectweb.asm.ByteVector.putUTF8(Ljava/lang/String;)Ljdk/internal/org/objectweb/asm/ByteVector; @ 91
Event: 7,081 Thread 0x00007f0af42a1000 Uncommon trap: reason=bimorphic_or_optimized_type_check action=maybe_recompile pc=0x00007f0ae57424cc method=java.util.HashMap.putVal(ILjava/lang/Object;Ljava/lang/Object;ZZ)Ljava/lang/Object; @ 253
Event: 7,081 Thread 0x00007f0af42a1000 Uncommon trap: reason=bimorphic_or_optimized_type_check action=maybe_recompile pc=0x00007f0ae57424cc method=java.util.HashMap.putVal(ILjava/lang/Object;Ljava/lang/Object;ZZ)Ljava/lang/Object; @ 253
Event: 7,081 Thread 0x00007f0af42a1000 Uncommon trap: reason=bimorphic_or_optimized_type_check action=maybe_recompile pc=0x00007f0ae57424cc method=java.util.HashMap.putVal(ILjava/lang/Object;Ljava/lang/Object;ZZ)Ljava/lang/Object; @ 253
Event: 7,081 Thread 0x00007f0af42a1000 Uncommon trap: reason=bimorphic_or_optimized_type_check action=maybe_recompile pc=0x00007f0ae57424cc method=java.util.HashMap.putVal(ILjava/lang/Object;Ljava/lang/Object;ZZ)Ljava/lang/Object; @ 253
Event: 7,368 Thread 0x00007f0abc4c2000 Uncommon trap: reason=unstable_if action=reinterpret pc=0x00007f0ae5751440 method=sun.security.provider.SeedGenerator$ThreadedSeedGenerator.run()V @ 120
Event: 12,397 Thread 0x00007f0af42a1000 Uncommon trap: reason=unstable_if action=reinterpret pc=0x00007f0ae5732a68 method=java.lang.String.equals(Ljava/lang/Object;)Z @ 27
Event: 12,402 Thread 0x00007f0af42a1000 Uncommon trap: reason=unstable_if action=reinterpret pc=0x00007f0ae5723d74 method=java.lang.String.charAt(I)C @ 4

Classes redefined (0 events):
No events

Internal exceptions (7 events):
Event: 2,699 Thread 0x00007f0af4011000 Exception <a 'java/lang/ClassNotFoundException': sun/awt/resources/awtProvider> (0x00000000c7d4a990) thrown at [/build/openjdk-9-argm_o/openjdk-9-9~b114/src/hotspot/src/share/vm/classfile/systemDictionary.cpp, line 224]
Event: 2,899 Thread 0x00007f0af4011000 Exception <a 'java/io/FileNotFoundException'> (0x00000000c7d8d720) thrown at [/build/openjdk-9-argm_o/openjdk-9-9~b114/src/hotspot/src/share/vm/prims/jni.cpp, line 605]
Event: 2,910 Thread 0x00007f0af4011000 Exception <a 'java/io/FileNotFoundException'> (0x00000000c7d95a38) thrown at [/build/openjdk-9-argm_o/openjdk-9-9~b114/src/hotspot/src/share/vm/prims/jni.cpp, line 605]
Event: 5,037 Thread 0x00007f0af42a1000 Exception <a 'java/lang/ClassNotFoundException': com/sun/swing/internal/plaf/metal/resources/metalProvider> (0x00000000c7b1cac0) thrown at [/build/openjdk-9-argm_o/openjdk-9-9~b114/src/hotspot/src/share/vm/classfile/systemDictionary.cpp, line 224]
Event: 5,055 Thread 0x00007f0af42a1000 Exception <a 'java/lang/ClassNotFoundException': com/sun/swing/internal/plaf/basic/resources/basicProvider> (0x00000000c7b20cd0) thrown at [/build/openjdk-9-argm_o/openjdk-9-9~b114/src/hotspot/src/share/vm/classfile/systemDictionary.cpp, line 224]
Event: 5,196 Thread 0x00007f0af42a1000 Implicit null exception at 0x00007f0ae5722a38 to 0x00007f0ae5722ac6
Event: 5,327 Thread 0x00007f0af42a1000 Implicit null exception at 0x00007f0ae5721c8f to 0x00007f0ae5721cf9

Events (10 events):
Event: 12,522 loading class sun/nio/cs/UTF_16$Decoder
Event: 12,523 loading class sun/nio/cs/UnicodeDecoder
Event: 12,525 loading class sun/nio/cs/UnicodeDecoder done
Event: 12,525 loading class sun/nio/cs/UTF_16$Decoder done
Event: 12,526 loading class sun/font/FileFontStrike
Event: 12,527 loading class sun/font/FileFontStrike done
Event: 12,527 loading class sun/font/FontScaler
Event: 12,530 loading class sun/font/FontScaler done
Event: 12,530 loading class sun/font/FreetypeFontScaler
Event: 12,530 loading class sun/font/FreetypeFontScaler done


Dynamic libraries:
00400000-00401000 r-xp 00000000 fc:00 5769674                            /usr/lib/jvm/java-9-openjdk-amd64/bin/java
00600000-00601000 r--p 00000000 fc:00 5769674                            /usr/lib/jvm/java-9-openjdk-amd64/bin/java
00601000-00602000 rw-p 00001000 fc:00 5769674                            /usr/lib/jvm/java-9-openjdk-amd64/bin/java
01d72000-01d93000 rw-p 00000000 00:00 0                                  [heap]
c4400000-c8000000 rw-p 00000000 00:00 0 
c8000000-100000000 ---p 00000000 00:00 0 
100000000-100180000 rw-p 00000000 00:00 0 
100180000-140000000 ---p 00000000 00:00 0 
7f0a9d38d000-7f0a9d391000 ---p 00000000 00:00 0 
7f0a9d391000-7f0a9d48e000 rw-p 00000000 00:00 0 
7f0a9d48e000-7f0a9d492000 ---p 00000000 00:00 0 
7f0a9d492000-7f0a9d58f000 rw-p 00000000 00:00 0 
7f0a9d58f000-7f0a9d593000 ---p 00000000 00:00 0 
7f0a9d593000-7f0a9d790000 rw-p 00000000 00:00 0 
7f0a9d790000-7f0a9d890000 ---p 00000000 00:00 0 
7f0a9d890000-7f0a9da90000 rw-p 00000000 00:00 0 
7f0a9da90000-7f0a9da94000 ---p 00000000 00:00 0 
7f0a9da94000-7f0a9db91000 rw-p 00000000 00:00 0 
7f0a9db91000-7f0a9db95000 ---p 00000000 00:00 0 
7f0a9db95000-7f0a9dc92000 rw-p 00000000 00:00 0 
7f0a9dc92000-7f0a9dc96000 ---p 00000000 00:00 0 
7f0a9dc96000-7f0a9dd93000 rw-p 00000000 00:00 0 
7f0a9dd93000-7f0a9dd98000 r-xp 00000000 fc:00 5775122                    /usr/lib/x86_64-linux-gnu/libXfixes.so.3.1.0
7f0a9dd98000-7f0a9df97000 ---p 00005000 fc:00 5775122                    /usr/lib/x86_64-linux-gnu/libXfixes.so.3.1.0
7f0a9df97000-7f0a9df98000 r--p 00004000 fc:00 5775122                    /usr/lib/x86_64-linux-gnu/libXfixes.so.3.1.0
7f0a9df98000-7f0a9df99000 rw-p 00005000 fc:00 5775122                    /usr/lib/x86_64-linux-gnu/libXfixes.so.3.1.0
7f0a9df99000-7f0a9dfa2000 r-xp 00000000 fc:00 5775114                    /usr/lib/x86_64-linux-gnu/libXcursor.so.1.0.2
7f0a9dfa2000-7f0a9e1a1000 ---p 00009000 fc:00 5775114                    /usr/lib/x86_64-linux-gnu/libXcursor.so.1.0.2
7f0a9e1a1000-7f0a9e1a2000 r--p 00008000 fc:00 5775114                    /usr/lib/x86_64-linux-gnu/libXcursor.so.1.0.2
7f0a9e1a2000-7f0a9e1a3000 rw-p 00009000 fc:00 5775114                    /usr/lib/x86_64-linux-gnu/libXcursor.so.1.0.2
7f0a9e1a3000-7f0a9e1c7000 r-xp 00000000 fc:00 12587499                   /lib/x86_64-linux-gnu/libpng12.so.0.54.0
7f0a9e1c7000-7f0a9e3c6000 ---p 00024000 fc:00 12587499                   /lib/x86_64-linux-gnu/libpng12.so.0.54.0
7f0a9e3c6000-7f0a9e3c7000 r--p 00023000 fc:00 12587499                   /lib/x86_64-linux-gnu/libpng12.so.0.54.0
7f0a9e3c7000-7f0a9e3c8000 rw-p 00024000 fc:00 12587499                   /lib/x86_64-linux-gnu/libpng12.so.0.54.0
7f0a9e3c8000-7f0a9e46c000 r-xp 00000000 fc:00 5775538                    /usr/lib/x86_64-linux-gnu/libfreetype.so.6.12.1
7f0a9e46c000-7f0a9e66b000 ---p 000a4000 fc:00 5775538                    /usr/lib/x86_64-linux-gnu/libfreetype.so.6.12.1
7f0a9e66b000-7f0a9e671000 r--p 000a3000 fc:00 5775538                    /usr/lib/x86_64-linux-gnu/libfreetype.so.6.12.1
7f0a9e671000-7f0a9e672000 rw-p 000a9000 fc:00 5775538                    /usr/lib/x86_64-linux-gnu/libfreetype.so.6.12.1
7f0a9e672000-7f0a9e738000 r-xp 00000000 fc:00 5770896                    /usr/lib/jvm/java-9-openjdk-amd64/lib/amd64/libfontmanager.so
7f0a9e738000-7f0a9e937000 ---p 000c6000 fc:00 5770896                    /usr/lib/jvm/java-9-openjdk-amd64/lib/amd64/libfontmanager.so
7f0a9e937000-7f0a9e93a000 r--p 000c5000 fc:00 5770896                    /usr/lib/jvm/java-9-openjdk-amd64/lib/amd64/libfontmanager.so
7f0a9e93a000-7f0a9e93b000 rw-p 000c8000 fc:00 5770896                    /usr/lib/jvm/java-9-openjdk-amd64/lib/amd64/libfontmanager.so
7f0a9e93b000-7f0a9e93c000 rw-p 00000000 00:00 0 
7f0a9e93c000-7f0a9e941000 r-xp 00000000 fc:00 5775118                    /usr/lib/x86_64-linux-gnu/libXdmcp.so.6.0.0
7f0a9e941000-7f0a9eb40000 ---p 00005000 fc:00 5775118                    /usr/lib/x86_64-linux-gnu/libXdmcp.so.6.0.0
7f0a9eb40000-7f0a9eb41000 r--p 00004000 fc:00 5775118                    /usr/lib/x86_64-linux-gnu/libXdmcp.so.6.0.0
7f0a9eb41000-7f0a9eb42000 rw-p 00005000 fc:00 5775118                    /usr/lib/x86_64-linux-gnu/libXdmcp.so.6.0.0
7f0a9eb42000-7f0a9eb44000 r-xp 00000000 fc:00 5775107                    /usr/lib/x86_64-linux-gnu/libXau.so.6.0.0
7f0a9eb44000-7f0a9ed44000 ---p 00002000 fc:00 5775107                    /usr/lib/x86_64-linux-gnu/libXau.so.6.0.0
7f0a9ed44000-7f0a9ed45000 r--p 00002000 fc:00 5775107                    /usr/lib/x86_64-linux-gnu/libXau.so.6.0.0
7f0a9ed45000-7f0a9ed46000 rw-p 00003000 fc:00 5775107                    /usr/lib/x86_64-linux-gnu/libXau.so.6.0.0
7f0a9ed46000-7f0a9ed67000 r-xp 00000000 fc:00 5776485                    /usr/lib/x86_64-linux-gnu/libxcb.so.1.1.0
7f0a9ed67000-7f0a9ef66000 ---p 00021000 fc:00 5776485                    /usr/lib/x86_64-linux-gnu/libxcb.so.1.1.0
7f0a9ef66000-7f0a9ef67000 r--p 00020000 fc:00 5776485                    /usr/lib/x86_64-linux-gnu/libxcb.so.1.1.0
7f0a9ef67000-7f0a9ef68000 rw-p 00021000 fc:00 5776485                    /usr/lib/x86_64-linux-gnu/libxcb.so.1.1.0
7f0a9ef68000-7f0a9ef77000 r-xp 00000000 fc:00 5775128                    /usr/lib/x86_64-linux-gnu/libXi.so.6.1.0
7f0a9ef77000-7f0a9f176000 ---p 0000f000 fc:00 5775128                    /usr/lib/x86_64-linux-gnu/libXi.so.6.1.0
7f0a9f176000-7f0a9f177000 r--p 0000e000 fc:00 5775128                    /usr/lib/x86_64-linux-gnu/libXi.so.6.1.0
7f0a9f177000-7f0a9f178000 rw-p 0000f000 fc:00 5775128                    /usr/lib/x86_64-linux-gnu/libXi.so.6.1.0
7f0a9f178000-7f0a9f17d000 r-xp 00000000 fc:00 5775146                    /usr/lib/x86_64-linux-gnu/libXtst.so.6.1.0
7f0a9f17d000-7f0a9f37c000 ---p 00005000 fc:00 5775146                    /usr/lib/x86_64-linux-gnu/libXtst.so.6.1.0
7f0a9f37c000-7f0a9f37d000 r--p 00004000 fc:00 5775146                    /usr/lib/x86_64-linux-gnu/libXtst.so.6.1.0
7f0a9f37d000-7f0a9f37e000 rw-p 00005000 fc:00 5775146                    /usr/lib/x86_64-linux-gnu/libXtst.so.6.1.0
7f0a9f37e000-7f0a9f387000 r-xp 00000000 fc:00 5775140                    /usr/lib/x86_64-linux-gnu/libXrender.so.1.3.0
7f0a9f387000-7f0a9f586000 ---p 00009000 fc:00 5775140                    /usr/lib/x86_64-linux-gnu/libXrender.so.1.3.0
7f0a9f586000-7f0a9f587000 r--p 00008000 fc:00 5775140                    /usr/lib/x86_64-linux-gnu/libXrender.so.1.3.0
7f0a9f587000-7f0a9f588000 rw-p 00009000 fc:00 5775140                    /usr/lib/x86_64-linux-gnu/libXrender.so.1.3.0
7f0a9f588000-7f0a9f6bd000 r-xp 00000000 fc:00 5775103                    /usr/lib/x86_64-linux-gnu/libX11.so.6.3.0
7f0a9f6bd000-7f0a9f8bd000 ---p 00135000 fc:00 5775103                    /usr/lib/x86_64-linux-gnu/libX11.so.6.3.0
7f0a9f8bd000-7f0a9f8be000 r--p 00135000 fc:00 5775103                    /usr/lib/x86_64-linux-gnu/libX11.so.6.3.0
7f0a9f8be000-7f0a9f8c2000 rw-p 00136000 fc:00 5775103                    /usr/lib/x86_64-linux-gnu/libX11.so.6.3.0
7f0a9f8c2000-7f0a9f8d3000 r-xp 00000000 fc:00 5775120                    /usr/lib/x86_64-linux-gnu/libXext.so.6.4.0
7f0a9f8d3000-7f0a9fad2000 ---p 00011000 fc:00 5775120                    /usr/lib/x86_64-linux-gnu/libXext.so.6.4.0
7f0a9fad2000-7f0a9fad3000 r--p 00010000 fc:00 5775120                    /usr/lib/x86_64-linux-gnu/libXext.so.6.4.0
7f0a9fad3000-7f0a9fad4000 rw-p 00011000 fc:00 5775120                    /usr/lib/x86_64-linux-gnu/libXext.so.6.4.0
7f0a9fad4000-7f0a9fb2b000 r-xp 00000000 fc:00 5777383                    /usr/lib/jvm/java-9-openjdk-amd64/lib/amd64/libawt_xawt.so
7f0a9fb2b000-7f0a9fd2b000 ---p 00057000 fc:00 5777383                    /usr/lib/jvm/java-9-openjdk-amd64/lib/amd64/libawt_xawt.so
7f0a9fd2b000-7f0a9fd2c000 r--p 00057000 fc:00 5777383                    /usr/lib/jvm/java-9-openjdk-amd64/lib/amd64/libawt_xawt.so
7f0a9fd2c000-7f0a9fd2f000 rw-p 00058000 fc:00 5777383                    /usr/lib/jvm/java-9-openjdk-amd64/lib/amd64/libawt_xawt.so
7f0a9fd2f000-7f0a9fd30000 rw-p 00000000 00:00 0 
7f0a9fd30000-7f0a9fdd0000 r-xp 00000000 fc:00 5770895                    /usr/lib/jvm/java-9-openjdk-amd64/lib/amd64/libawt.so
7f0a9fdd0000-7f0a9ffcf000 ---p 000a0000 fc:00 5770895                    /usr/lib/jvm/java-9-openjdk-amd64/lib/amd64/libawt.so
7f0a9ffcf000-7f0a9ffd0000 r--p 0009f000 fc:00 5770895                    /usr/lib/jvm/java-9-openjdk-amd64/lib/amd64/libawt.so
7f0a9ffd0000-7f0a9ffdb000 rw-p 000a0000 fc:00 5770895                    /usr/lib/jvm/java-9-openjdk-amd64/lib/amd64/libawt.so
7f0a9ffdb000-7f0aa0000000 rw-p 00000000 00:00 0 
7f0aa0000000-7f0aa036b000 rw-p 00000000 00:00 0 
7f0aa036b000-7f0aa4000000 ---p 00000000 00:00 0 
7f0aa4000000-7f0aa42f7000 rw-p 00000000 00:00 0 
7f0aa42f7000-7f0aa8000000 ---p 00000000 00:00 0 
7f0aa8000000-7f0aa8021000 rw-p 00000000 00:00 0 
7f0aa8021000-7f0aac000000 ---p 00000000 00:00 0 
7f0aac000000-7f0aac021000 rw-p 00000000 00:00 0 
7f0aac021000-7f0ab0000000 ---p 00000000 00:00 0 
7f0ab0000000-7f0ab0021000 rw-p 00000000 00:00 0 
7f0ab0021000-7f0ab4000000 ---p 00000000 00:00 0 
7f0ab4000000-7f0ab4021000 rw-p 00000000 00:00 0 
7f0ab4021000-7f0ab8000000 ---p 00000000 00:00 0 
7f0ab8000000-7f0ab8021000 rw-p 00000000 00:00 0 
7f0ab8021000-7f0abc000000 ---p 00000000 00:00 0 
7f0abc000000-7f0abc55f000 rw-p 00000000 00:00 0 
7f0abc55f000-7f0ac0000000 ---p 00000000 00:00 0 
7f0ac0000000-7f0ac0021000 rw-p 00000000 00:00 0 
7f0ac0021000-7f0ac4000000 ---p 00000000 00:00 0 
7f0ac40dc000-7f0ac40e0000 ---p 00000000 00:00 0 
7f0ac40e0000-7f0ac41dd000 rw-p 00000000 00:00 0 
7f0ac41dd000-7f0ac41de000 ---p 00000000 00:00 0 
7f0ac41de000-7f0ac42de000 rw-p 00000000 00:00 0 
7f0ac42de000-7f0ac42e2000 ---p 00000000 00:00 0 
7f0ac42e2000-7f0ac43df000 rw-p 00000000 00:00 0 
7f0ac43df000-7f0ac43e3000 ---p 00000000 00:00 0 
7f0ac43e3000-7f0ac47e1000 rw-p 00000000 00:00 0 
7f0ac47e1000-7f0ac47f7000 r-xp 00000000 fc:00 5770897                    /usr/lib/jvm/java-9-openjdk-amd64/lib/amd64/libnet.so
7f0ac47f7000-7f0ac49f6000 ---p 00016000 fc:00 5770897                    /usr/lib/jvm/java-9-openjdk-amd64/lib/amd64/libnet.so
7f0ac49f6000-7f0ac49f7000 r--p 00015000 fc:00 5770897                    /usr/lib/jvm/java-9-openjdk-amd64/lib/amd64/libnet.so
7f0ac49f7000-7f0ac49f8000 rw-p 00016000 fc:00 5770897                    /usr/lib/jvm/java-9-openjdk-amd64/lib/amd64/libnet.so
7f0ac49f8000-7f0ac4a09000 r-xp 00000000 fc:00 5777401                    /usr/lib/jvm/java-9-openjdk-amd64/lib/amd64/libnio.so
7f0ac4a09000-7f0ac4c09000 ---p 00011000 fc:00 5777401                    /usr/lib/jvm/java-9-openjdk-amd64/lib/amd64/libnio.so
7f0ac4c09000-7f0ac4c0a000 r--p 00011000 fc:00 5777401                    /usr/lib/jvm/java-9-openjdk-amd64/lib/amd64/libnio.so
7f0ac4c0a000-7f0ac4c0b000 rw-p 00012000 fc:00 5777401                    /usr/lib/jvm/java-9-openjdk-amd64/lib/amd64/libnio.so
7f0ac4c0b000-7f0ac4c0f000 ---p 00000000 00:00 0 
7f0ac4c0f000-7f0ac4d0c000 rw-p 00000000 00:00 0 
7f0ac4d0c000-7f0ac4d10000 ---p 00000000 00:00 0 
7f0ac4d10000-7f0ac4e0d000 rw-p 00000000 00:00 0 
7f0ac4e0d000-7f0ac4e11000 ---p 00000000 00:00 0 
7f0ac4e11000-7f0ac4f0e000 rw-p 00000000 00:00 0 
7f0ac4f0e000-7f0ac4f12000 ---p 00000000 00:00 0 
7f0ac4f12000-7f0ac500f000 rw-p 00000000 00:00 0 
7f0ac500f000-7f0ac5013000 ---p 00000000 00:00 0 
7f0ac5013000-7f0ac7200000 rw-p 00000000 00:00 0 
7f0ac7200000-7f0ac8000000 ---p 00000000 00:00 0 
7f0ac8000000-7f0ac8021000 rw-p 00000000 00:00 0 
7f0ac8021000-7f0acc000000 ---p 00000000 00:00 0 
7f0acc000000-7f0acc021000 rw-p 00000000 00:00 0 
7f0acc021000-7f0ad0000000 ---p 00000000 00:00 0 
7f0ad0000000-7f0ad0021000 rw-p 00000000 00:00 0 
7f0ad0021000-7f0ad4000000 ---p 00000000 00:00 0 
7f0ad4000000-7f0ad4021000 rw-p 00000000 00:00 0 
7f0ad4021000-7f0ad8000000 ---p 00000000 00:00 0 
7f0ad8000000-7f0ad8021000 rw-p 00000000 00:00 0 
7f0ad8021000-7f0adc000000 ---p 00000000 00:00 0 
7f0adc013000-7f0adc017000 r--s 00000000 fc:00 9184253                    /var/cache/fontconfig/6aa41aa22e18b8fa06a12da28ea9c28b-le64.cache-6
7f0adc017000-7f0adc022000 r--s 00000000 fc:00 9177657                    /var/cache/fontconfig/945677eb7aeaf62f1d50efc3fb3ec7d8-le64.cache-6
7f0adc022000-7f0adc024000 r--s 00000000 fc:00 9180860                    /var/cache/fontconfig/99e8ed0e538f840c565b6ed5dad60d56-le64.cache-6
7f0adc024000-7f0adc02d000 r--s 00000000 fc:00 9180792                    /var/cache/fontconfig/a6d8cf8e4ec09cdbc8633c31745a07dd-le64.cache-6
7f0adc02d000-7f0adc033000 r--s 00000000 fc:00 9182052                    /var/cache/fontconfig/2cd17615ca594fa2959ae173292e504c-le64.cache-6
7f0adc033000-7f0adc034000 r--s 00000000 fc:00 9182051                    /var/cache/fontconfig/0d8c3b2ac0904cb8a57a757ad11a4a08-le64.cache-6
7f0adc034000-7f0adc049000 r--s 00000000 fc:00 9182049                    /var/cache/fontconfig/04aabc0a78ac019cf9454389977116d2-le64.cache-6
7f0adc049000-7f0adc04a000 r--s 00000000 fc:00 9182048                    /var/cache/fontconfig/1ac9eb803944fde146138c791f5cc56a-le64.cache-6
7f0adc04a000-7f0adc04e000 r--s 00000000 fc:00 9181979                    /var/cache/fontconfig/385c0604a188198f04d133e54aba7fe7-le64.cache-6
7f0adc04e000-7f0adc051000 r--s 00000000 fc:00 9181977                    /var/cache/fontconfig/767a8244fc0220cfb567a839d0392e0b-le64.cache-6
7f0adc051000-7f0adc056000 r--s 00000000 fc:00 9181971                    /var/cache/fontconfig/8801497958630a81b71ace7c5f9b32a8-le64.cache-6
7f0adc056000-7f0adc460000 r--p 00000000 fc:00 5769568                    /usr/lib/locale/locale-archive
7f0adc460000-7f0adc464000 ---p 00000000 00:00 0 
7f0adc464000-7f0adce51000 rw-p 00000000 00:00 0 
7f0adce51000-7f0addc51000 ---p 00000000 00:00 0 
7f0addc51000-7f0addec1000 rwxp 00000000 00:00 0 
7f0addec1000-7f0ade1e0000 ---p 00000000 00:00 0 
7f0ade1e0000-7f0ade450000 rwxp 00000000 00:00 0 
7f0ade450000-7f0ae5718000 ---p 00000000 00:00 0 
7f0ae5718000-7f0ae5988000 rwxp 00000000 00:00 0 
7f0ae5988000-7f0aecc51000 ---p 00000000 00:00 0 
7f0aecc51000-7f0af4000000 r--s 00000000 fc:00 5770881                    /usr/lib/jvm/java-9-openjdk-amd64/lib/modules
7f0af4000000-7f0af42a3000 rw-p 00000000 00:00 0 
7f0af42a3000-7f0af8000000 ---p 00000000 00:00 0 
7f0af8000000-7f0af8001000 r--s 00000000 fc:00 9181978                    /var/cache/fontconfig/dc05db6664285cc2f12bf69c139ae4c3-le64.cache-6
7f0af8001000-7f0af8002000 r--s 00000000 fc:00 9181976                    /var/cache/fontconfig/4794a0821666d79190d59a36cb4f44b5-le64.cache-6
7f0af8002000-7f0af8003000 r--s 00000000 fc:00 9181970                    /var/cache/fontconfig/bab58bb527bb656aaa9f116d68a48d89-le64.cache-6
7f0af8003000-7f0af800a000 r--s 00000000 fc:00 9181774                    /var/cache/fontconfig/3047814df9a2f067bd2d96a2b9c36e5a-le64.cache-6
7f0af800a000-7f0af8012000 r--s 00000000 fc:00 9175880                    /var/cache/fontconfig/bf3b770c553c462765856025a94f1ce6-le64.cache-6
7f0af8012000-7f0af8013000 r--s 00000000 fc:00 9181752                    /var/cache/fontconfig/56cf4f4769d0f4abc89a4895d7bd3ae1-le64.cache-6
7f0af8013000-7f0af8014000 r--s 00000000 fc:00 9181751                    /var/cache/fontconfig/b9d506c9ac06c20b433354fa67a72993-le64.cache-6
7f0af8014000-7f0af801a000 r--s 00000000 fc:00 9181743                    /var/cache/fontconfig/b47c4e1ecd0709278f4910c18777a504-le64.cache-6
7f0af801a000-7f0af8022000 r--s 00000000 fc:00 9180789                    /var/cache/fontconfig/52f7bdb7ce746bfd7eaa1985bd9cfa93-le64.cache-6
7f0af8022000-7f0af8035000 r--s 00000000 fc:00 9181742                    /var/cache/fontconfig/d52a8644073d54c13679302ca1180695-le64.cache-6
7f0af8035000-7f0af8036000 r--s 00000000 fc:00 9181741                    /var/cache/fontconfig/551ecf3b0e8b0bca0f25c0944f561853-le64.cache-6
7f0af8036000-7f0af8041000 r--s 00000000 fc:00 9179658                    /var/cache/fontconfig/d589a48862398ed80a3d6066f4f56f4c-le64.cache-6
7f0af8041000-7f0af8042000 r--s 00000000 fc:00 9181737                    /var/cache/fontconfig/30829fa25452a46451e813d634d7f916-le64.cache-6
7f0af8042000-7f0af8043000 r--s 00000000 fc:00 9181437                    /var/cache/fontconfig/0c9eb80ebd1c36541ebe2852d3bb0c49-le64.cache-6
7f0af8043000-7f0af8046000 r--s 00000000 fc:00 9181434                    /var/cache/fontconfig/75114ca45c98e8a441da0ff356701271-le64.cache-6
7f0af8046000-7f0af8051000 r--s 00000000 fc:00 9181433                    /var/cache/fontconfig/83bf95040141907cd45bb53cf7c1c148-le64.cache-6
7f0af8051000-7f0af8067000 r--s 00000000 fc:00 9184251                    /var/cache/fontconfig/e13b20fdb08344e0e664864cc2ede53d-le64.cache-6
7f0af8067000-7f0af8088000 r--s 00000000 fc:00 9175397                    /var/cache/fontconfig/467c019e582ee353435ea5c21d137ef6-le64.cache-6
7f0af8088000-7f0af80b7000 r--p 00000000 fc:00 7605778                    /usr/share/locale-langpack/ru/LC_MESSAGES/libc.mo
7f0af80b7000-7f0af80bb000 ---p 00000000 00:00 0 
7f0af80bb000-7f0af81b8000 rw-p 00000000 00:00 0 
7f0af81b8000-7f0af81b9000 ---p 00000000 00:00 0 
7f0af81b9000-7f0af858c000 rw-p 00000000 00:00 0 
7f0af858c000-7f0af858d000 ---p 00000000 00:00 0 
7f0af858d000-7f0af868d000 rw-p 00000000 00:00 0 
7f0af868d000-7f0af868e000 ---p 00000000 00:00 0 
7f0af868e000-7f0af87ac000 rw-p 00000000 00:00 0 
7f0af87ac000-7f0af896c000 ---p 00000000 00:00 0 
7f0af896c000-7f0af898a000 rw-p 00000000 00:00 0 
7f0af898a000-7f0af8d28000 ---p 00000000 00:00 0 
7f0af8d28000-7f0af8d46000 rw-p 00000000 00:00 0 
7f0af8d46000-7f0af8f06000 ---p 00000000 00:00 0 
7f0af8f06000-7f0af8f07000 ---p 00000000 00:00 0 
7f0af8f07000-7f0af9007000 rw-p 00000000 00:00 0 
7f0af9007000-7f0af9008000 ---p 00000000 00:00 0 
7f0af9008000-7f0af9108000 rw-p 00000000 00:00 0 
7f0af9108000-7f0af9109000 ---p 00000000 00:00 0 
7f0af9109000-7f0af940b000 rw-p 00000000 00:00 0 
7f0af940b000-7f0af940c000 ---p 00000000 00:00 0 
7f0af940c000-7f0af950c000 rw-p 00000000 00:00 0 
7f0af950c000-7f0af950d000 ---p 00000000 00:00 0 
7f0af950d000-7f0af9612000 rw-p 00000000 00:00 0 
7f0af9612000-7f0af96f8000 ---p 00000000 00:00 0 
7f0af96f8000-7f0af96fd000 rw-p 00000000 00:00 0 
7f0af96fd000-7f0af97e3000 ---p 00000000 00:00 0 
7f0af97e3000-7f0af97e8000 r-xp 00000000 fc:00 5776893                    /usr/lib/jvm/java-9-openjdk-amd64/lib/amd64/libjimage.so
7f0af97e8000-7f0af99e7000 ---p 00005000 fc:00 5776893                    /usr/lib/jvm/java-9-openjdk-amd64/lib/amd64/libjimage.so
7f0af99e7000-7f0af99e8000 r--p 00004000 fc:00 5776893                    /usr/lib/jvm/java-9-openjdk-amd64/lib/amd64/libjimage.so
7f0af99e8000-7f0af99e9000 rw-p 00005000 fc:00 5776893                    /usr/lib/jvm/java-9-openjdk-amd64/lib/amd64/libjimage.so
7f0af99e9000-7f0af99f0000 r-xp 00000000 fc:00 5776729                    /usr/lib/jvm/java-9-openjdk-amd64/lib/amd64/libzip.so
7f0af99f0000-7f0af9bef000 ---p 00007000 fc:00 5776729                    /usr/lib/jvm/java-9-openjdk-amd64/lib/amd64/libzip.so
7f0af9bef000-7f0af9bf0000 r--p 00006000 fc:00 5776729                    /usr/lib/jvm/java-9-openjdk-amd64/lib/amd64/libzip.so
7f0af9bf0000-7f0af9bf1000 rw-p 00007000 fc:00 5776729                    /usr/lib/jvm/java-9-openjdk-amd64/lib/amd64/libzip.so
7f0af9bf1000-7f0af9bfc000 r-xp 00000000 fc:00 12583112                   /lib/x86_64-linux-gnu/libnss_files-2.23.so
7f0af9bfc000-7f0af9dfb000 ---p 0000b000 fc:00 12583112                   /lib/x86_64-linux-gnu/libnss_files-2.23.so
7f0af9dfb000-7f0af9dfc000 r--p 0000a000 fc:00 12583112                   /lib/x86_64-linux-gnu/libnss_files-2.23.so
7f0af9dfc000-7f0af9dfd000 rw-p 0000b000 fc:00 12583112                   /lib/x86_64-linux-gnu/libnss_files-2.23.so
7f0af9dfd000-7f0af9e03000 rw-p 00000000 00:00 0 
7f0af9e03000-7f0af9e0e000 r-xp 00000000 fc:00 12583097                   /lib/x86_64-linux-gnu/libnss_nis-2.23.so
7f0af9e0e000-7f0afa00d000 ---p 0000b000 fc:00 12583097                   /lib/x86_64-linux-gnu/libnss_nis-2.23.so
7f0afa00d000-7f0afa00e000 r--p 0000a000 fc:00 12583097                   /lib/x86_64-linux-gnu/libnss_nis-2.23.so
7f0afa00e000-7f0afa00f000 rw-p 0000b000 fc:00 12583097                   /lib/x86_64-linux-gnu/libnss_nis-2.23.so
7f0afa00f000-7f0afa025000 r-xp 00000000 fc:00 12583108                   /lib/x86_64-linux-gnu/libnsl-2.23.so
7f0afa025000-7f0afa224000 ---p 00016000 fc:00 12583108                   /lib/x86_64-linux-gnu/libnsl-2.23.so
7f0afa224000-7f0afa225000 r--p 00015000 fc:00 12583108                   /lib/x86_64-linux-gnu/libnsl-2.23.so
7f0afa225000-7f0afa226000 rw-p 00016000 fc:00 12583108                   /lib/x86_64-linux-gnu/libnsl-2.23.so
7f0afa226000-7f0afa228000 rw-p 00000000 00:00 0 
7f0afa228000-7f0afa230000 r-xp 00000000 fc:00 12583109                   /lib/x86_64-linux-gnu/libnss_compat-2.23.so
7f0afa230000-7f0afa42f000 ---p 00008000 fc:00 12583109                   /lib/x86_64-linux-gnu/libnss_compat-2.23.so
7f0afa42f000-7f0afa430000 r--p 00007000 fc:00 12583109                   /lib/x86_64-linux-gnu/libnss_compat-2.23.so
7f0afa430000-7f0afa431000 rw-p 00008000 fc:00 12583109                   /lib/x86_64-linux-gnu/libnss_compat-2.23.so
7f0afa431000-7f0afa45c000 r-xp 00000000 fc:00 5770890                    /usr/lib/jvm/java-9-openjdk-amd64/lib/amd64/libjava.so
7f0afa45c000-7f0afa65b000 ---p 0002b000 fc:00 5770890                    /usr/lib/jvm/java-9-openjdk-amd64/lib/amd64/libjava.so
7f0afa65b000-7f0afa65c000 r--p 0002a000 fc:00 5770890                    /usr/lib/jvm/java-9-openjdk-amd64/lib/amd64/libjava.so
7f0afa65c000-7f0afa65e000 rw-p 0002b000 fc:00 5770890                    /usr/lib/jvm/java-9-openjdk-amd64/lib/amd64/libjava.so
7f0afa65e000-7f0afa66b000 r-xp 00000000 fc:00 5770891                    /usr/lib/jvm/java-9-openjdk-amd64/lib/amd64/libverify.so
7f0afa66b000-7f0afa86a000 ---p 0000d000 fc:00 5770891                    /usr/lib/jvm/java-9-openjdk-amd64/lib/amd64/libverify.so
7f0afa86a000-7f0afa86c000 r--p 0000c000 fc:00 5770891                    /usr/lib/jvm/java-9-openjdk-amd64/lib/amd64/libverify.so
7f0afa86c000-7f0afa86d000 rw-p 0000e000 fc:00 5770891                    /usr/lib/jvm/java-9-openjdk-amd64/lib/amd64/libverify.so
7f0afa86d000-7f0afa874000 r-xp 00000000 fc:00 12583096                   /lib/x86_64-linux-gnu/librt-2.23.so
7f0afa874000-7f0afaa73000 ---p 00007000 fc:00 12583096                   /lib/x86_64-linux-gnu/librt-2.23.so
7f0afaa73000-7f0afaa74000 r--p 00006000 fc:00 12583096                   /lib/x86_64-linux-gnu/librt-2.23.so
7f0afaa74000-7f0afaa75000 rw-p 00007000 fc:00 12583096                   /lib/x86_64-linux-gnu/librt-2.23.so
7f0afaa75000-7f0afaa8b000 r-xp 00000000 fc:00 12587396                   /lib/x86_64-linux-gnu/libgcc_s.so.1
7f0afaa8b000-7f0afac8a000 ---p 00016000 fc:00 12587396                   /lib/x86_64-linux-gnu/libgcc_s.so.1
7f0afac8a000-7f0afac8b000 rw-p 00015000 fc:00 12587396                   /lib/x86_64-linux-gnu/libgcc_s.so.1
7f0afac8b000-7f0afad93000 r-xp 00000000 fc:00 12583106                   /lib/x86_64-linux-gnu/libm-2.23.so
7f0afad93000-7f0afaf92000 ---p 00108000 fc:00 12583106                   /lib/x86_64-linux-gnu/libm-2.23.so
7f0afaf92000-7f0afaf93000 r--p 00107000 fc:00 12583106                   /lib/x86_64-linux-gnu/libm-2.23.so
7f0afaf93000-7f0afaf94000 rw-p 00108000 fc:00 12583106                   /lib/x86_64-linux-gnu/libm-2.23.so
7f0afaf94000-7f0afb106000 r-xp 00000000 fc:00 5769546                    /usr/lib/x86_64-linux-gnu/libstdc++.so.6.0.21
7f0afb106000-7f0afb306000 ---p 00172000 fc:00 5769546                    /usr/lib/x86_64-linux-gnu/libstdc++.so.6.0.21
7f0afb306000-7f0afb310000 r--p 00172000 fc:00 5769546                    /usr/lib/x86_64-linux-gnu/libstdc++.so.6.0.21
7f0afb310000-7f0afb312000 rw-p 0017c000 fc:00 5769546                    /usr/lib/x86_64-linux-gnu/libstdc++.so.6.0.21
7f0afb312000-7f0afb316000 rw-p 00000000 00:00 0 
7f0afb316000-7f0afc174000 r-xp 00000000 fc:00 5776675                    /usr/lib/jvm/java-9-openjdk-amd64/lib/amd64/server/libjvm.so
7f0afc174000-7f0afc374000 ---p 00e5e000 fc:00 5776675                    /usr/lib/jvm/java-9-openjdk-amd64/lib/amd64/server/libjvm.so
7f0afc374000-7f0afc426000 r--p 00e5e000 fc:00 5776675                    /usr/lib/jvm/java-9-openjdk-amd64/lib/amd64/server/libjvm.so
7f0afc426000-7f0afc458000 rw-p 00f10000 fc:00 5776675                    /usr/lib/jvm/java-9-openjdk-amd64/lib/amd64/server/libjvm.so
7f0afc458000-7f0afc49d000 rw-p 00000000 00:00 0 
7f0afc49d000-7f0afc4b5000 r-xp 00000000 fc:00 12583107                   /lib/x86_64-linux-gnu/libpthread-2.23.so
7f0afc4b5000-7f0afc6b4000 ---p 00018000 fc:00 12583107                   /lib/x86_64-linux-gnu/libpthread-2.23.so
7f0afc6b4000-7f0afc6b5000 r--p 00017000 fc:00 12583107                   /lib/x86_64-linux-gnu/libpthread-2.23.so
7f0afc6b5000-7f0afc6b6000 rw-p 00018000 fc:00 12583107                   /lib/x86_64-linux-gnu/libpthread-2.23.so
7f0afc6b6000-7f0afc6ba000 rw-p 00000000 00:00 0 
7f0afc6ba000-7f0afc6bd000 r-xp 00000000 fc:00 12583100                   /lib/x86_64-linux-gnu/libdl-2.23.so
7f0afc6bd000-7f0afc8bc000 ---p 00003000 fc:00 12583100                   /lib/x86_64-linux-gnu/libdl-2.23.so
7f0afc8bc000-7f0afc8bd000 r--p 00002000 fc:00 12583100                   /lib/x86_64-linux-gnu/libdl-2.23.so
7f0afc8bd000-7f0afc8be000 rw-p 00003000 fc:00 12583100                   /lib/x86_64-linux-gnu/libdl-2.23.so
7f0afc8be000-7f0afc8d7000 r-xp 00000000 fc:00 12587549                   /lib/x86_64-linux-gnu/libz.so.1.2.8
7f0afc8d7000-7f0afcad6000 ---p 00019000 fc:00 12587549                   /lib/x86_64-linux-gnu/libz.so.1.2.8
7f0afcad6000-7f0afcad7000 r--p 00018000 fc:00 12587549                   /lib/x86_64-linux-gnu/libz.so.1.2.8
7f0afcad7000-7f0afcad8000 rw-p 00019000 fc:00 12587549                   /lib/x86_64-linux-gnu/libz.so.1.2.8
7f0afcad8000-7f0afcc97000 r-xp 00000000 fc:00 12583101                   /lib/x86_64-linux-gnu/libc-2.23.so
7f0afcc97000-7f0afce97000 ---p 001bf000 fc:00 12583101                   /lib/x86_64-linux-gnu/libc-2.23.so
7f0afce97000-7f0afce9b000 r--p 001bf000 fc:00 12583101                   /lib/x86_64-linux-gnu/libc-2.23.so
7f0afce9b000-7f0afce9d000 rw-p 001c3000 fc:00 12583101                   /lib/x86_64-linux-gnu/libc-2.23.so
7f0afce9d000-7f0afcea1000 rw-p 00000000 00:00 0 
7f0afcea1000-7f0afceaf000 r-xp 00000000 fc:00 5777381                    /usr/lib/jvm/java-9-openjdk-amd64/lib/amd64/jli/libjli.so
7f0afceaf000-7f0afd0ae000 ---p 0000e000 fc:00 5777381                    /usr/lib/jvm/java-9-openjdk-amd64/lib/amd64/jli/libjli.so
7f0afd0ae000-7f0afd0af000 r--p 0000d000 fc:00 5777381                    /usr/lib/jvm/java-9-openjdk-amd64/lib/amd64/jli/libjli.so
7f0afd0af000-7f0afd0b0000 rw-p 0000e000 fc:00 5777381                    /usr/lib/jvm/java-9-openjdk-amd64/lib/amd64/jli/libjli.so
7f0afd0b0000-7f0afd0d6000 r-xp 00000000 fc:00 12583008                   /lib/x86_64-linux-gnu/ld-2.23.so
7f0afd0d6000-7f0afd0e8000 r--s 00000000 fc:00 9175279                    /var/cache/fontconfig/9b89f8e3dae116d678bbf48e5f21f69b-le64.cache-6
7f0afd0e8000-7f0afd0f5000 r--s 00000000 fc:00 9175457                    /var/cache/fontconfig/8f02d4cb045bd6ce15663e43f347c9f8-le64.cache-6
7f0afd0f5000-7f0afd1a9000 rw-p 00000000 00:00 0 
7f0afd1a9000-7f0afd1ad000 ---p 00000000 00:00 0 
7f0afd1ad000-7f0afd2af000 rw-p 00000000 00:00 0 
7f0afd2af000-7f0afd2b3000 r--s 00000000 fc:00 9175884                    /var/cache/fontconfig/7ef2298fde41cc6eeb7af42e48b7d293-le64.cache-6
7f0afd2b3000-7f0afd2b5000 r--s 00000000 fc:00 9175471                    /var/cache/fontconfig/16326683038b281783a0ef8c680e3a10-le64.cache-6
7f0afd2b5000-7f0afd2b6000 r--s 00000000 fc:00 9175415                    /var/cache/fontconfig/e0aa53bcfa504e64f87823c16bc01eb6-le64.cache-6
7f0afd2b6000-7f0afd2bd000 r--s 00000000 fc:00 6034676                    /usr/lib/x86_64-linux-gnu/gconv/gconv-modules.cache
7f0afd2bd000-7f0afd2c2000 rw-p 00000000 00:00 0 
7f0afd2c2000-7f0afd2c9000 ---p 00000000 00:00 0 
7f0afd2c9000-7f0afd2d1000 rw-s 00000000 fc:00 12845111                   /tmp/hsperfdata_dzs/23041
7f0afd2d1000-7f0afd2d2000 rw-p 00000000 00:00 0 
7f0afd2d2000-7f0afd2d3000 r--p 00000000 00:00 0 
7f0afd2d3000-7f0afd2d5000 rw-p 00000000 00:00 0 
7f0afd2d5000-7f0afd2d6000 r--p 00025000 fc:00 12583008                   /lib/x86_64-linux-gnu/ld-2.23.so
7f0afd2d6000-7f0afd2d7000 rw-p 00026000 fc:00 12583008                   /lib/x86_64-linux-gnu/ld-2.23.so
7f0afd2d7000-7f0afd2d8000 rw-p 00000000 00:00 0 
7fffb885f000-7fffb8880000 rw-p 00000000 00:00 0                          [stack]
7fffb88d7000-7fffb88d9000 r--p 00000000 00:00 0                          [vvar]
7fffb88d9000-7fffb88db000 r-xp 00000000 00:00 0                          [vdso]
ffffffffff600000-ffffffffff601000 r-xp 00000000 00:00 0                  [vsyscall]

VM Arguments:
java_command: sapper.jar
java_class_path (initial): sapper.jar
Launcher Type: SUN_STANDARD

Environment Variables:
PATH=/home/dzs/bin:/home/dzs/bin:/home/dzs/.local/bin:/usr/local/sbin:/usr/local/bin:/usr/sbin:/usr/bin:/sbin:/bin:/usr/games:/usr/local/games:/snap/bin
SHELL=/bin/bash
DISPLAY=:0

Signal Handlers:
SIGSEGV: [libjvm.so+0xc12c20], sa_mask[0]=11111111011111111101111111111110, sa_flags=SA_RESTART|SA_SIGINFO
SIGBUS: [libjvm.so+0xc12c20], sa_mask[0]=11111111011111111101111111111110, sa_flags=SA_RESTART|SA_SIGINFO
SIGFPE: [libjvm.so+0xc12c20], sa_mask[0]=11111111011111111101111111111110, sa_flags=SA_RESTART|SA_SIGINFO
SIGPIPE: [libjvm.so+0xa3b600], sa_mask[0]=11111111011111111101111111111110, sa_flags=SA_RESTART|SA_SIGINFO
SIGXFSZ: [libjvm.so+0xa3b600], sa_mask[0]=11111111011111111101111111111110, sa_flags=SA_RESTART|SA_SIGINFO
SIGILL: [libjvm.so+0xc12c20], sa_mask[0]=11111111011111111101111111111110, sa_flags=SA_RESTART|SA_SIGINFO
SIGUSR2: [libjvm.so+0xa3b4a0], sa_mask[0]=00000000000000000000000000000000, sa_flags=SA_RESTART|SA_SIGINFO
SIGHUP: [libjvm.so+0xa3b870], sa_mask[0]=11111111011111111101111111111110, sa_flags=SA_RESTART|SA_SIGINFO
SIGINT: [libjvm.so+0xa3b870], sa_mask[0]=11111111011111111101111111111110, sa_flags=SA_RESTART|SA_SIGINFO
SIGTERM: [libjvm.so+0xa3b870], sa_mask[0]=11111111011111111101111111111110, sa_flags=SA_RESTART|SA_SIGINFO
SIGQUIT: [libjvm.so+0xa3b870], sa_mask[0]=11111111011111111101111111111110, sa_flags=SA_RESTART|SA_SIGINFO


---------------  S Y S T E M  ---------------

OS:DISTRIB_ID=Ubuntu
DISTRIB_RELEASE=16.04
DISTRIB_CODENAME=xenial
DISTRIB_DESCRIPTION="Ubuntu 16.04.1 LTS"
uname:Linux 4.4.0-62-generic #83-Ubuntu SMP Wed Jan 18 14:10:15 UTC 2017 x86_64
libc:glibc 2.23 NPTL 2.23 
rlimit: STACK 8192k, CORE 0k, NPROC 14915, NOFILE 65536, AS infinity
load average:0,73 0,66 0,93

/proc/meminfo:
MemTotal:        3908480 kB
MemFree:          146244 kB
MemAvailable:    1499180 kB
Buffers:           42872 kB
Cached:          1719588 kB
SwapCached:         2620 kB
Active:          1785064 kB
Inactive:        1717376 kB
Active(anon):    1046504 kB
Inactive(anon):   954608 kB
Active(file):     738560 kB
Inactive(file):   762768 kB
Unevictable:          64 kB
Mlocked:              64 kB
SwapTotal:       4055036 kB
SwapFree:        3919204 kB
Dirty:               140 kB
Writeback:             0 kB
AnonPages:       1738588 kB
Mapped:           227060 kB
Shmem:            261112 kB
Slab:             153248 kB
SReclaimable:     120848 kB
SUnreclaim:        32400 kB
KernelStack:        9296 kB
PageTables:        34312 kB
NFS_Unstable:          0 kB
Bounce:                0 kB
WritebackTmp:          0 kB
CommitLimit:     6009276 kB
Committed_AS:    6193012 kB
VmallocTotal:   34359738367 kB
VmallocUsed:           0 kB
VmallocChunk:          0 kB
HardwareCorrupted:     0 kB
AnonHugePages:    604160 kB
CmaTotal:              0 kB
CmaFree:               0 kB
HugePages_Total:       0
HugePages_Free:        0
HugePages_Rsvd:        0
HugePages_Surp:        0
Hugepagesize:       2048 kB
DirectMap4k:      144484 kB
DirectMap2M:     3909632 kB


CPU:total 2 (2 cores per cpu, 1 threads per core) family 6 model 76 stepping 3, cmov, cx8, fxsr, mmx, sse, sse2, sse3, ssse3, sse4.1, sse4.2, popcnt, aes, clmul, erms, 3dnowpref, tsc, tscinvbit

CPU Model and flags from /proc/cpuinfo:
model name	: Intel(R) Celeron(R) CPU  N3050  @ 1.60GHz
flags		: fpu vme de pse tsc msr pae mce cx8 apic sep mtrr pge mca cmov pat pse36 clflush dts acpi mmx fxsr sse sse2 ss ht tm pbe syscall nx rdtscp lm constant_tsc arch_perfmon pebs bts rep_good nopl xtopology nonstop_tsc aperfmperf pni pclmulqdq dtes64 monitor ds_cpl vmx est tm2 ssse3 cx16 xtpr pdcm sse4_1 sse4_2 movbe popcnt tsc_deadline_timer aes rdrand lahf_lm 3dnowprefetch epb tpr_shadow vnmi flexpriority ept vpid tsc_adjust smep erms dtherm ida arat

Memory: 4k page, physical 3908480k(146244k free), swap 4055036k(3919204k free)

vm_info: OpenJDK 64-Bit Server VM (9-internal+0-2016-04-14-195246.buildd.src) for linux-amd64 JRE (9-internal+0-2016-04-14-195246.buildd.src), built on Apr 14 2016 20:05:37 by "buildd" with gcc 5.3.1 20160413

END.
